<html>
<body>
<pre>
<h1>Build Log</h1>
<h3>
--------------------Configuration: shuzu_test - Win32 Debug--------------------
</h3>
<h3>Command Lines</h3>
Creating temporary file "C:\Users\ADMINI~1\AppData\Local\Temp\RSP6951.tmp" with contents
[
kernel32.lib user32.lib gdi32.lib winspool.lib comdlg32.lib advapi32.lib shell32.lib ole32.lib oleaut32.lib uuid.lib odbc32.lib odbccp32.lib /nologo /subsystem:console /incremental:yes /pdb:"Debug/shuzu_test.pdb" /debug /machine:I386 /out:"Debug/shuzu_test.exe" /pdbtype:sept 
.\Debug\shuzu_test.obj
.\Debug\shuzu_7_6.obj
]
Creating command line "link.exe @C:\Users\ADMINI~1\AppData\Local\Temp\RSP6951.tmp"
<h3>Output Window</h3>
Linking...
shuzu_7_6.obj : error LNK2005: _main already defined in shuzu_test.obj
Debug/shuzu_test.exe : fatal error LNK1169: one or more multiply defined symbols found
Ö´ÐÐ link.exe Ê±³ö´í.



<h3>Results</h3>
shuzu_test.exe - 1 error(s), 0 warning(s)
</pre>
</body>
</html>
